<?xml version="1.0" encoding="UTF-8"?>
<testng-results ignored="0" total="1" passed="1" failed="0" skipped="0">
  <reporter-output>
  </reporter-output>
  <suite started-at="2022-05-15T20:54:49 IST" name="Default suite" finished-at="2022-05-15T20:55:46 IST" duration-ms="57269">
    <groups>
    </groups>
    <test started-at="2022-05-15T20:54:49 IST" name="Default test" finished-at="2022-05-15T20:55:46 IST" duration-ms="57269">
      <class name="com.hybridframework.module01.testcases.LoginTC001">
        <test-method is-config="true" signature="init()[pri:0, instance:com.hybridframework.module01.testcases.LoginTC001@6253c26]" started-at="2022-05-15T20:54:48 IST" name="init" finished-at="2022-05-15T20:54:49 IST" duration-ms="110" status="PASS">
          <reporter-output>
          </reporter-output>
        </test-method> <!-- init -->
        <test-method is-config="true" signature="setUp(java.lang.String)[pri:0, instance:com.hybridframework.module01.testcases.LoginTC001@6253c26]" started-at="2022-05-15T20:54:49 IST" name="setUp" finished-at="2022-05-15T20:55:40 IST" duration-ms="51469" status="PASS">
          <params>
            <param index="0">
              <value>
                <![CDATA[Chrome]]>
              </value>
            </param>
          </params>
          <reporter-output>
          </reporter-output>
        </test-method> <!-- setUp -->
        <test-method signature="verifyLOginFunctionality()[pri:0, instance:com.hybridframework.module01.testcases.LoginTC001@6253c26]" started-at="2022-05-15T20:55:40 IST" name="verifyLOginFunctionality" finished-at="2022-05-15T20:55:42 IST" duration-ms="1840" status="PASS">
          <reporter-output>
          </reporter-output>
        </test-method> <!-- verifyLOginFunctionality -->
        <test-method is-config="true" signature="tearDown()[pri:0, instance:com.hybridframework.module01.testcases.LoginTC001@6253c26]" started-at="2022-05-15T20:55:42 IST" name="tearDown" finished-at="2022-05-15T20:55:46 IST" duration-ms="3911" status="PASS">
          <reporter-output>
          </reporter-output>
        </test-method> <!-- tearDown -->
      </class> <!-- com.hybridframework.module01.testcases.LoginTC001 -->
    </test> <!-- Default test -->
  </suite> <!-- Default suite -->
</testng-results>
