<?xml version="1.0" encoding="UTF-8"?>
<testng-results ignored="0" total="1" passed="1" failed="0" skipped="0">
  <reporter-output>
  </reporter-output>
  <suite started-at="2022-05-19T00:29:10 IST" name="Default suite" finished-at="2022-05-19T00:29:28 IST" duration-ms="18353">
    <groups>
    </groups>
    <test started-at="2022-05-19T00:29:10 IST" name="Default test" finished-at="2022-05-19T00:29:28 IST" duration-ms="18353">
      <class name="com.hybridframework.module01.testcases.Admin_TC001">
        <test-method is-config="true" signature="init()[pri:0, instance:com.hybridframework.module01.testcases.Admin_TC001@6253c26]" started-at="2022-05-19T00:29:09 IST" name="init" finished-at="2022-05-19T00:29:10 IST" duration-ms="1204" status="PASS">
          <reporter-output>
          </reporter-output>
        </test-method> <!-- init -->
        <test-method is-config="true" signature="setUp(java.lang.String)[pri:0, instance:com.hybridframework.module01.testcases.Admin_TC001@6253c26]" started-at="2022-05-19T00:29:10 IST" name="setUp" finished-at="2022-05-19T00:29:22 IST" duration-ms="11426" status="PASS">
          <params>
            <param index="0">
              <value>
                <![CDATA[Chrome]]>
              </value>
            </param>
          </params>
          <reporter-output>
          </reporter-output>
        </test-method> <!-- setUp -->
        <test-method signature="AdminTC()[pri:1, instance:com.hybridframework.module01.testcases.Admin_TC001@6253c26]" started-at="2022-05-19T00:29:22 IST" name="AdminTC" finished-at="2022-05-19T00:29:27 IST" duration-ms="5908" status="PASS">
          <reporter-output>
          </reporter-output>
        </test-method> <!-- AdminTC -->
        <test-method is-config="true" signature="tearDown()[pri:0, instance:com.hybridframework.module01.testcases.Admin_TC001@6253c26]" started-at="2022-05-19T00:29:28 IST" name="tearDown" finished-at="2022-05-19T00:29:28 IST" duration-ms="959" status="PASS">
          <reporter-output>
          </reporter-output>
        </test-method> <!-- tearDown -->
      </class> <!-- com.hybridframework.module01.testcases.Admin_TC001 -->
    </test> <!-- Default test -->
  </suite> <!-- Default suite -->
</testng-results>
